<?xml version="1.0" encoding="UTF-8"?>
<!-- Generated by org.testng.reporters.JUnitReportReporter -->
<testsuite hostname="kemas" failures="0" tests="4" name="com.mohs10.scripts.HomeTest" time="45.579" errors="0" timestamp="2022-12-13T15:59:40 IST" skipped="0">
  <testcase classname="com.mohs10.scripts.HomeTest" name="CategoriesTest" time="13.623"/>
  <system-out/>
  <testcase classname="com.mohs10.scripts.HomeTest" name="InvalidLogInTestCase" time="8.051"/>
  <system-out/>
  <testcase classname="com.mohs10.scripts.HomeTest" name="LoginPageTestCase" time="9.261"/>
  <system-out/>
  <testcase classname="com.mohs10.scripts.HomeTest" name="BlogbtnTestCase" time="14.644"/>
  <system-out/>
</testsuite> <!-- com.mohs10.scripts.HomeTest -->
