<?xml version="1.0" encoding="UTF-8"?>
<!-- Generated by org.testng.reporters.JUnitReportReporter -->
<testsuite hostname="kemas" failures="0" tests="1" name="com.mohs10.database_testing.User_info" time="1.003" errors="0" timestamp="2022-12-01T13:32:14 IST" skipped="0">
  <testcase classname="com.mohs10.database_testing.User_info" name="testDB" time="1.003"/>
  <system-out/>
</testsuite> <!-- com.mohs10.database_testing.User_info -->
