<?xml version="1.0" encoding="UTF-8"?>
<!-- Generated by org.testng.reporters.JUnitReportReporter -->
<testsuite hostname="kemas" failures="0" tests="1" name="com.mohs10.scripts.BD" time="16.864" errors="0" timestamp="2022-12-09T15:08:14 IST" skipped="0">
  <testcase classname="com.mohs10.scripts.BD" name="TableData_Test" time="16.864"/>
  <system-out/>
</testsuite> <!-- com.mohs10.scripts.BD -->
