<?xml version="1.0" encoding="UTF-8"?>
<!-- Generated by org.testng.reporters.JUnitReportReporter -->
<testsuite hostname="kemas" failures="0" tests="1" name="com.mohs10.database_testing.DB_1" time="0.745" errors="0" timestamp="2022-12-13T11:52:29 IST" skipped="0">
  <testcase classname="com.mohs10.database_testing.DB_1" name="Test1" time="0.745"/>
  <system-out/>
</testsuite> <!-- com.mohs10.database_testing.DB_1 -->
