<?xml version="1.0" encoding="UTF-8"?>
<!-- Generated by org.testng.reporters.JUnitReportReporter -->
<testsuite hostname="kemas" failures="0" tests="1" name="com.mohs10.database_testing.Mercury_Info" time="23.468" errors="0" timestamp="2022-11-15T14:42:35 IST" skipped="0">
  <testcase classname="com.mohs10.database_testing.Mercury_Info" name="testDB" time="23.468"/>
  <system-out/>
</testsuite> <!-- com.mohs10.database_testing.Mercury_Info -->
