<?xml version="1.0" encoding="UTF-8"?>
<!-- Generated by org.testng.reporters.JUnitReportReporter -->
<testsuite hostname="kemas" failures="0" tests="1" name="com.mohs10.Report.PDFReportTest" time="23.480" errors="0" timestamp="2022-12-13T15:59:40 IST" skipped="0">
  <testcase classname="com.mohs10.Report.PDFReportTest" name="PDFreports" time="23.480"/>
  <system-out/>
</testsuite> <!-- com.mohs10.Report.PDFReportTest -->
