<?xml version="1.0" encoding="UTF-8"?>
<!-- Generated by org.testng.reporters.JUnitReportReporter -->
<testsuite hostname="kemas" failures="0" tests="5" name="storedprocedureTesting.SPTesting" time="0.578" errors="0" timestamp="2022-11-01T14:34:15 IST" skipped="0">
  <testcase classname="storedprocedureTesting.SPTesting" name="test_storedProcedureExists" time="0.177"/>
  <system-out/>
  <testcase classname="storedprocedureTesting.SPTesting" name="test_SelectAllCustomers" time="0.289"/>
  <system-out/>
  <testcase classname="storedprocedureTesting.SPTesting" name="test_SelectAllCustomersByCity" time="0.034"/>
  <system-out/>
  <testcase classname="storedprocedureTesting.SPTesting" name="test_SelectAllCustomersByCityAndPin" time="0.016"/>
  <system-out/>
  <testcase classname="storedprocedureTesting.SPTesting" name="test_get_order_by_cust" time="0.062"/>
  <system-out/>
</testsuite> <!-- storedprocedureTesting.SPTesting -->
