<?xml version="1.0" encoding="UTF-8"?>
<!-- Generated by org.testng.reporters.JUnitReportReporter -->
<testsuite hostname="kemas" failures="0" tests="1" name="com.mohs10.getData.getdata" time="3.039" errors="0" timestamp="2022-12-13T12:02:43 IST" skipped="0">
  <testcase classname="com.mohs10.getData.getdata" name="testResponsecode" time="3.039"/>
  <system-out/>
</testsuite> <!-- com.mohs10.getData.getdata -->
