<?xml version="1.0" encoding="UTF-8"?>
<!-- Generated by org.testng.reporters.JUnitReportReporter -->
<testsuite skipped="0" hostname="kemas" name="com.mohs10.scripts.HomeTest" tests="5" failures="0" timestamp="2022-11-01T12:39:06 IST" time="66.594" errors="0">
  <testcase name="LoginPageTestCase" time="14.645" classname="com.mohs10.scripts.HomeTest"/>
  <system-out/>
  <testcase name="BlogbtnTestCase" time="15.014" classname="com.mohs10.scripts.HomeTest"/>
  <system-out/>
  <testcase name="NewsbtnTestCase" time="10.358" classname="com.mohs10.scripts.HomeTest"/>
  <system-out/>
  <testcase name="InvalidLogInTestCase" time="9.440" classname="com.mohs10.scripts.HomeTest"/>
  <system-out/>
  <testcase name="CategoriesTest" time="17.137" classname="com.mohs10.scripts.HomeTest"/>
  <system-out/>
</testsuite> <!-- com.mohs10.scripts.HomeTest -->
